<?xml version="1.0" encoding="UTF-8"?>
<coverage generated="1569882059975" clover="3.2.0">
  <project timestamp="1569882059975" name="All files">
    <metrics statements="181" coveredstatements="155" conditionals="19" coveredconditionals="5" methods="63" coveredmethods="55" elements="263" coveredelements="215" complexity="0" loc="181" ncloc="181" packages="5" files="18" classes="18"/>
    <package name="e2e">
      <metrics statements="7" coveredstatements="7" conditionals="2" coveredconditionals="1" methods="2" coveredmethods="2"/>
      <file name="db.js" path="/Users/alexjonspencer/alchemy/career-track/labs/ripe-banana/e2e/db.js">
        <metrics statements="4" coveredstatements="4" conditionals="2" coveredconditionals="1" methods="2" coveredmethods="2"/>
        <line num="1" count="5" type="stmt"/>
        <line num="3" count="5" type="stmt"/>
        <line num="5" count="37" type="stmt"/>
        <line num="7" count="3" type="cond" truecount="1" falsecount="1"/>
      </file>
      <file name="request.js" path="/Users/alexjonspencer/alchemy/career-track/labs/ripe-banana/e2e/request.js">
        <metrics statements="3" coveredstatements="3" conditionals="0" coveredconditionals="0" methods="0" coveredmethods="0"/>
        <line num="1" count="6" type="stmt"/>
        <line num="2" count="6" type="stmt"/>
        <line num="4" count="6" type="stmt"/>
      </file>
    </package>
    <package name="lib">
      <metrics statements="45" coveredstatements="33" conditionals="5" coveredconditionals="1" methods="7" coveredmethods="2"/>
      <file name="app.js" path="/Users/alexjonspencer/alchemy/career-track/labs/ripe-banana/lib/app.js">
        <metrics statements="25" coveredstatements="25" conditionals="0" coveredconditionals="0" methods="1" coveredmethods="1"/>
        <line num="1" count="6" type="stmt"/>
        <line num="2" count="6" type="stmt"/>
        <line num="4" count="6" type="stmt"/>
        <line num="7" count="6" type="stmt"/>
        <line num="8" count="6" type="stmt"/>
        <line num="9" count="6" type="stmt"/>
        <line num="10" count="6" type="stmt"/>
        <line num="11" count="6" type="stmt"/>
        <line num="12" count="6" type="stmt"/>
        <line num="15" count="6" type="stmt"/>
        <line num="18" count="6" type="stmt"/>
        <line num="19" count="6" type="stmt"/>
        <line num="20" count="6" type="stmt"/>
        <line num="21" count="6" type="stmt"/>
        <line num="22" count="6" type="stmt"/>
        <line num="23" count="6" type="stmt"/>
        <line num="24" count="6" type="stmt"/>
        <line num="25" count="6" type="stmt"/>
        <line num="26" count="6" type="stmt"/>
        <line num="27" count="6" type="stmt"/>
        <line num="30" count="6" type="stmt"/>
        <line num="31" count="6" type="stmt"/>
        <line num="35" count="6" type="stmt"/>
        <line num="36" count="6" type="stmt"/>
        <line num="38" count="6" type="stmt"/>
      </file>
      <file name="connect.js" path="/Users/alexjonspencer/alchemy/career-track/labs/ripe-banana/lib/connect.js">
        <metrics statements="20" coveredstatements="8" conditionals="5" coveredconditionals="1" methods="6" coveredmethods="1"/>
        <line num="2" count="11" type="stmt"/>
        <line num="3" count="11" type="stmt"/>
        <line num="5" count="11" type="stmt"/>
        <line num="6" count="0" type="stmt"/>
        <line num="7" count="0" type="stmt"/>
        <line num="11" count="11" type="stmt"/>
        <line num="12" count="0" type="stmt"/>
        <line num="13" count="0" type="cond" truecount="0" falsecount="2"/>
        <line num="15" count="0" type="stmt"/>
        <line num="18" count="11" type="cond" truecount="0" falsecount="1"/>
        <line num="20" count="11" type="cond" truecount="1" falsecount="1"/>
        <line num="21" count="0" type="stmt"/>
        <line num="23" count="0" type="stmt"/>
        <line num="24" count="0" type="stmt"/>
        <line num="25" count="0" type="stmt"/>
        <line num="28" count="11" type="stmt"/>
        <line num="29" count="0" type="stmt"/>
        <line num="30" count="0" type="stmt"/>
        <line num="31" count="0" type="stmt"/>
        <line num="35" count="11" type="stmt"/>
      </file>
    </package>
    <package name="lib.middleware">
      <metrics statements="20" coveredstatements="8" conditionals="8" coveredconditionals="1" methods="3" coveredmethods="2"/>
      <file name="api-404.js" path="/Users/alexjonspencer/alchemy/career-track/labs/ripe-banana/lib/middleware/api-404.js">
        <metrics statements="2" coveredstatements="2" conditionals="0" coveredconditionals="0" methods="1" coveredmethods="1"/>
        <line num="1" count="6" type="stmt"/>
        <line num="2" count="1" type="stmt"/>
      </file>
      <file name="check-connection.js" path="/Users/alexjonspencer/alchemy/career-track/labs/ripe-banana/lib/middleware/check-connection.js">
        <metrics statements="6" coveredstatements="5" conditionals="2" coveredconditionals="1" methods="1" coveredmethods="1"/>
        <line num="1" count="6" type="stmt"/>
        <line num="2" count="6" type="stmt"/>
        <line num="4" count="6" type="stmt"/>
        <line num="5" count="99" type="cond" truecount="1" falsecount="1"/>
        <line num="6" count="0" type="stmt"/>
        <line num="11" count="99" type="stmt"/>
      </file>
      <file name="error-handler.js" path="/Users/alexjonspencer/alchemy/career-track/labs/ripe-banana/lib/middleware/error-handler.js">
        <metrics statements="12" coveredstatements="1" conditionals="6" coveredconditionals="0" methods="1" coveredmethods="0"/>
        <line num="4" count="6" type="stmt"/>
        <line num="5" count="0" type="stmt"/>
        <line num="6" count="0" type="stmt"/>
        <line num="9" count="0" type="cond" truecount="0" falsecount="4"/>
        <line num="10" count="0" type="stmt"/>
        <line num="11" count="0" type="stmt"/>
        <line num="14" count="0" type="cond" truecount="0" falsecount="2"/>
        <line num="18" count="0" type="stmt"/>
        <line num="19" count="0" type="stmt"/>
        <line num="24" count="0" type="stmt"/>
        <line num="28" count="0" type="stmt"/>
        <line num="30" count="0" type="stmt"/>
      </file>
    </package>
    <package name="lib.models">
      <metrics statements="35" coveredstatements="33" conditionals="0" coveredconditionals="0" methods="7" coveredmethods="5"/>
      <file name="actor.js" path="/Users/alexjonspencer/alchemy/career-track/labs/ripe-banana/lib/models/actor.js">
        <metrics statements="4" coveredstatements="4" conditionals="0" coveredconditionals="0" methods="0" coveredmethods="0"/>
        <line num="1" count="7" type="stmt"/>
        <line num="3" count="7" type="stmt"/>
        <line num="5" count="7" type="stmt"/>
        <line num="13" count="7" type="stmt"/>
      </file>
      <file name="film.js" path="/Users/alexjonspencer/alchemy/career-track/labs/ripe-banana/lib/models/film.js">
        <metrics statements="4" coveredstatements="4" conditionals="0" coveredconditionals="0" methods="0" coveredmethods="0"/>
        <line num="1" count="7" type="stmt"/>
        <line num="3" count="7" type="stmt"/>
        <line num="5" count="7" type="stmt"/>
        <line num="31" count="7" type="stmt"/>
      </file>
      <file name="register-plugins.js" path="/Users/alexjonspencer/alchemy/career-track/labs/ripe-banana/lib/models/register-plugins.js">
        <metrics statements="15" coveredstatements="13" conditionals="0" coveredconditionals="0" methods="7" coveredmethods="5"/>
        <line num="1" count="6" type="stmt"/>
        <line num="3" count="6" type="stmt"/>
        <line num="9" count="6" type="stmt"/>
        <line num="10" count="36" type="stmt"/>
        <line num="11" count="0" type="stmt"/>
        <line num="15" count="6" type="stmt"/>
        <line num="16" count="36" type="stmt"/>
        <line num="17" count="0" type="stmt"/>
        <line num="21" count="6" type="stmt"/>
        <line num="22" count="36" type="stmt"/>
        <line num="23" count="2" type="stmt"/>
        <line num="25" count="2" type="stmt"/>
        <line num="29" count="6" type="stmt"/>
        <line num="30" count="6" type="stmt"/>
        <line num="31" count="6" type="stmt"/>
      </file>
      <file name="review.js" path="/Users/alexjonspencer/alchemy/career-track/labs/ripe-banana/lib/models/review.js">
        <metrics statements="4" coveredstatements="4" conditionals="0" coveredconditionals="0" methods="0" coveredmethods="0"/>
        <line num="1" count="7" type="stmt"/>
        <line num="3" count="7" type="stmt"/>
        <line num="5" count="7" type="stmt"/>
        <line num="29" count="7" type="stmt"/>
      </file>
      <file name="reviewer.js" path="/Users/alexjonspencer/alchemy/career-track/labs/ripe-banana/lib/models/reviewer.js">
        <metrics statements="4" coveredstatements="4" conditionals="0" coveredconditionals="0" methods="0" coveredmethods="0"/>
        <line num="1" count="7" type="stmt"/>
        <line num="3" count="7" type="stmt"/>
        <line num="5" count="7" type="stmt"/>
        <line num="16" count="7" type="stmt"/>
      </file>
      <file name="studio.js" path="/Users/alexjonspencer/alchemy/career-track/labs/ripe-banana/lib/models/studio.js">
        <metrics statements="4" coveredstatements="4" conditionals="0" coveredconditionals="0" methods="0" coveredmethods="0"/>
        <line num="1" count="7" type="stmt"/>
        <line num="3" count="7" type="stmt"/>
        <line num="5" count="7" type="stmt"/>
        <line num="17" count="7" type="stmt"/>
      </file>
    </package>
    <package name="lib.routes">
      <metrics statements="74" coveredstatements="74" conditionals="4" coveredconditionals="2" methods="44" coveredmethods="44"/>
      <file name="actors.js" path="/Users/alexjonspencer/alchemy/career-track/labs/ripe-banana/lib/routes/actors.js">
        <metrics statements="16" coveredstatements="16" conditionals="2" coveredconditionals="1" methods="9" coveredmethods="9"/>
        <line num="2" count="6" type="stmt"/>
        <line num="3" count="6" type="stmt"/>
        <line num="4" count="6" type="stmt"/>
        <line num="6" count="6" type="stmt"/>
        <line num="8" count="19" type="stmt"/>
        <line num="9" count="19" type="stmt"/>
        <line num="14" count="1" type="stmt"/>
        <line num="17" count="1" type="stmt"/>
        <line num="22" count="1" type="stmt"/>
        <line num="31" count="1" type="stmt"/>
        <line num="32" count="1" type="stmt"/>
        <line num="38" count="1" type="stmt"/>
        <line num="40" count="1" type="cond" truecount="1" falsecount="1"/>
        <line num="44" count="1" type="stmt"/>
        <line num="46" count="1" type="stmt"/>
        <line num="50" count="6" type="stmt"/>
      </file>
      <file name="films.js" path="/Users/alexjonspencer/alchemy/career-track/labs/ripe-banana/lib/routes/films.js">
        <metrics statements="14" coveredstatements="14" conditionals="0" coveredconditionals="0" methods="8" coveredmethods="8"/>
        <line num="2" count="6" type="stmt"/>
        <line num="3" count="6" type="stmt"/>
        <line num="4" count="6" type="stmt"/>
        <line num="6" count="6" type="stmt"/>
        <line num="8" count="15" type="stmt"/>
        <line num="9" count="15" type="stmt"/>
        <line num="13" count="2" type="stmt"/>
        <line num="16" count="2" type="stmt"/>
        <line num="20" count="1" type="stmt"/>
        <line num="32" count="1" type="stmt"/>
        <line num="33" count="1" type="stmt"/>
        <line num="38" count="1" type="stmt"/>
        <line num="39" count="1" type="stmt"/>
        <line num="43" count="6" type="stmt"/>
      </file>
      <file name="reviewers.js" path="/Users/alexjonspencer/alchemy/career-track/labs/ripe-banana/lib/routes/reviewers.js">
        <metrics statements="16" coveredstatements="16" conditionals="0" coveredconditionals="0" methods="10" coveredmethods="10"/>
        <line num="2" count="6" type="stmt"/>
        <line num="3" count="6" type="stmt"/>
        <line num="4" count="6" type="stmt"/>
        <line num="6" count="6" type="stmt"/>
        <line num="8" count="14" type="stmt"/>
        <line num="9" count="14" type="stmt"/>
        <line num="13" count="2" type="stmt"/>
        <line num="15" count="2" type="stmt"/>
        <line num="19" count="1" type="stmt"/>
        <line num="29" count="1" type="stmt"/>
        <line num="30" count="1" type="stmt"/>
        <line num="36" count="1" type="stmt"/>
        <line num="41" count="1" type="stmt"/>
        <line num="46" count="1" type="stmt"/>
        <line num="47" count="1" type="stmt"/>
        <line num="51" count="6" type="stmt"/>
      </file>
      <file name="reviews.js" path="/Users/alexjonspencer/alchemy/career-track/labs/ripe-banana/lib/routes/reviews.js">
        <metrics statements="12" coveredstatements="12" conditionals="0" coveredconditionals="0" methods="8" coveredmethods="8"/>
        <line num="2" count="6" type="stmt"/>
        <line num="3" count="6" type="stmt"/>
        <line num="5" count="6" type="stmt"/>
        <line num="7" count="8" type="stmt"/>
        <line num="8" count="8" type="stmt"/>
        <line num="12" count="2" type="stmt"/>
        <line num="15" count="2" type="stmt"/>
        <line num="19" count="1" type="stmt"/>
        <line num="23" count="1" type="stmt"/>
        <line num="27" count="1" type="stmt"/>
        <line num="28" count="1" type="stmt"/>
        <line num="32" count="6" type="stmt"/>
      </file>
      <file name="studios.js" path="/Users/alexjonspencer/alchemy/career-track/labs/ripe-banana/lib/routes/studios.js">
        <metrics statements="16" coveredstatements="16" conditionals="2" coveredconditionals="1" methods="9" coveredmethods="9"/>
        <line num="2" count="6" type="stmt"/>
        <line num="3" count="6" type="stmt"/>
        <line num="4" count="6" type="stmt"/>
        <line num="6" count="6" type="stmt"/>
        <line num="8" count="20" type="stmt"/>
        <line num="9" count="20" type="stmt"/>
        <line num="14" count="2" type="stmt"/>
        <line num="17" count="2" type="stmt"/>
        <line num="22" count="1" type="stmt"/>
        <line num="30" count="1" type="stmt"/>
        <line num="31" count="1" type="stmt"/>
        <line num="37" count="1" type="stmt"/>
        <line num="39" count="1" type="cond" truecount="1" falsecount="1"/>
        <line num="43" count="1" type="stmt"/>
        <line num="45" count="1" type="stmt"/>
        <line num="49" count="6" type="stmt"/>
      </file>
    </package>
  </project>
</coverage>
