{"/Users/antonella/alchemy/career-track/ripe-banana/e2e/db.js": {"path":"/Users/antonella/alchemy/career-track/ripe-banana/e2e/db.js","statementMap":{"0":{"start":{"line":1,"column":17},"end":{"line":1,"column":36}},"1":{"start":{"line":3,"column":0},"end":{"line":10,"column":2}},"2":{"start":{"line":5,"column":4},"end":{"line":8,"column":9}},"3":{"start":{"line":7,"column":8},"end":{"line":7,"column":59}},"4":{"start":{"line":7,"column":49},"end":{"line":7,"column":59}}},"fnMap":{"0":{"name":"(anonymous_0)","decl":{"start":{"line":4,"column":2},"end":{"line":4,"column":3}},"loc":{"start":{"line":4,"column":23},"end":{"line":9,"column":3}},"line":4},"1":{"name":"(anonymous_1)","decl":{"start":{"line":6,"column":13},"end":{"line":6,"column":14}},"loc":{"start":{"line":6,"column":20},"end":{"line":8,"column":7}},"line":6}},"branchMap":{"0":{"loc":{"start":{"line":7,"column":8},"end":{"line":7,"column":59}},"type":"if","locations":[{"start":{"line":7,"column":8},"end":{"line":7,"column":59}},{"start":{"line":7,"column":8},"end":{"line":7,"column":59}}],"line":7}},"s":{"0":5,"1":5,"2":27,"3":5,"4":0},"f":{"0":27,"1":5},"b":{"0":[0,5]},"_coverageSchema":"43e27e138ebf9cfc5966b082cf9a028302ed4184","hash":"ae32e903ca14849358517f0149d79ff7276eaf4e"}
,"/Users/antonella/alchemy/career-track/ripe-banana/e2e/request.js": {"path":"/Users/antonella/alchemy/career-track/ripe-banana/e2e/request.js","statementMap":{"0":{"start":{"line":1,"column":12},"end":{"line":1,"column":33}},"1":{"start":{"line":2,"column":16},"end":{"line":2,"column":36}},"2":{"start":{"line":4,"column":0},"end":{"line":4,"column":30}}},"fnMap":{},"branchMap":{},"s":{"0":6,"1":6,"2":6},"f":{},"b":{},"_coverageSchema":"43e27e138ebf9cfc5966b082cf9a028302ed4184","hash":"82564f1e3c149af7f33003c33a826107ff2ee699"}
,"/Users/antonella/alchemy/career-track/ripe-banana/lib/app.js": {"path":"/Users/antonella/alchemy/career-track/ripe-banana/lib/app.js","statementMap":{"0":{"start":{"line":1,"column":16},"end":{"line":1,"column":34}},"1":{"start":{"line":2,"column":12},"end":{"line":2,"column":21}},"2":{"start":{"line":4,"column":0},"end":{"line":4,"column":37}},"3":{"start":{"line":7,"column":15},"end":{"line":7,"column":32}},"4":{"start":{"line":8,"column":24},"end":{"line":8,"column":64}},"5":{"start":{"line":9,"column":0},"end":{"line":9,"column":23}},"6":{"start":{"line":10,"column":0},"end":{"line":10,"column":24}},"7":{"start":{"line":11,"column":0},"end":{"line":11,"column":34}},"8":{"start":{"line":12,"column":0},"end":{"line":12,"column":25}},"9":{"start":{"line":15,"column":0},"end":{"line":15,"column":51}},"10":{"start":{"line":15,"column":32},"end":{"line":15,"column":49}},"11":{"start":{"line":18,"column":16},"end":{"line":18,"column":43}},"12":{"start":{"line":19,"column":14},"end":{"line":19,"column":39}},"13":{"start":{"line":20,"column":15},"end":{"line":20,"column":41}},"14":{"start":{"line":21,"column":18},"end":{"line":21,"column":47}},"15":{"start":{"line":22,"column":16},"end":{"line":22,"column":43}},"16":{"start":{"line":23,"column":0},"end":{"line":23,"column":33}},"17":{"start":{"line":24,"column":0},"end":{"line":24,"column":29}},"18":{"start":{"line":25,"column":0},"end":{"line":25,"column":31}},"19":{"start":{"line":26,"column":0},"end":{"line":26,"column":37}},"20":{"start":{"line":27,"column":0},"end":{"line":27,"column":33}},"21":{"start":{"line":30,"column":15},"end":{"line":30,"column":46}},"22":{"start":{"line":31,"column":0},"end":{"line":31,"column":24}},"23":{"start":{"line":35,"column":21},"end":{"line":35,"column":58}},"24":{"start":{"line":36,"column":0},"end":{"line":36,"column":22}},"25":{"start":{"line":38,"column":0},"end":{"line":38,"column":21}}},"fnMap":{"0":{"name":"(anonymous_0)","decl":{"start":{"line":15,"column":18},"end":{"line":15,"column":19}},"loc":{"start":{"line":15,"column":32},"end":{"line":15,"column":49}},"line":15}},"branchMap":{},"s":{"0":6,"1":6,"2":6,"3":6,"4":6,"5":6,"6":6,"7":6,"8":6,"9":6,"10":1,"11":6,"12":6,"13":6,"14":6,"15":6,"16":6,"17":6,"18":6,"19":6,"20":6,"21":6,"22":6,"23":6,"24":6,"25":6},"f":{"0":1},"b":{},"_coverageSchema":"43e27e138ebf9cfc5966b082cf9a028302ed4184","hash":"09b6af2f78c579a19d482b75f48a637ea8d60c18"}
,"/Users/antonella/alchemy/career-track/ripe-banana/lib/connect.js": {"path":"/Users/antonella/alchemy/career-track/ripe-banana/lib/connect.js","statementMap":{"0":{"start":{"line":2,"column":18},"end":{"line":2,"column":32}},"1":{"start":{"line":3,"column":17},"end":{"line":3,"column":36}},"2":{"start":{"line":5,"column":12},"end":{"line":9,"column":1}},"3":{"start":{"line":6,"column":2},"end":{"line":8,"column":4}},"4":{"start":{"line":7,"column":4},"end":{"line":7,"column":66}},"5":{"start":{"line":11,"column":22},"end":{"line":16,"column":1}},"6":{"start":{"line":12,"column":20},"end":{"line":12,"column":30}},"7":{"start":{"line":13,"column":23},"end":{"line":13,"column":55}},"8":{"start":{"line":15,"column":2},"end":{"line":15,"column":106}},"9":{"start":{"line":18,"column":0},"end":{"line":41,"column":2}},"10":{"start":{"line":20,"column":2},"end":{"line":26,"column":3}},"11":{"start":{"line":21,"column":24},"end":{"line":21,"column":44}},"12":{"start":{"line":23,"column":4},"end":{"line":23,"column":63}},"13":{"start":{"line":24,"column":4},"end":{"line":24,"column":61}},"14":{"start":{"line":25,"column":4},"end":{"line":25,"column":63}},"15":{"start":{"line":28,"column":2},"end":{"line":33,"column":5}},"16":{"start":{"line":29,"column":4},"end":{"line":32,"column":7}},"17":{"start":{"line":30,"column":6},"end":{"line":30,"column":86}},"18":{"start":{"line":31,"column":6},"end":{"line":31,"column":22}},"19":{"start":{"line":35,"column":2},"end":{"line":39,"column":5}}},"fnMap":{"0":{"name":"(anonymous_0)","decl":{"start":{"line":5,"column":12},"end":{"line":5,"column":13}},"loc":{"start":{"line":5,"column":30},"end":{"line":9,"column":1}},"line":5},"1":{"name":"(anonymous_1)","decl":{"start":{"line":6,"column":9},"end":{"line":6,"column":10}},"loc":{"start":{"line":6,"column":15},"end":{"line":8,"column":3}},"line":6},"2":{"name":"(anonymous_2)","decl":{"start":{"line":11,"column":22},"end":{"line":11,"column":23}},"loc":{"start":{"line":11,"column":29},"end":{"line":16,"column":1}},"line":11},"3":{"name":"(anonymous_3)","decl":{"start":{"line":18,"column":17},"end":{"line":18,"column":18}},"loc":{"start":{"line":18,"column":42},"end":{"line":41,"column":1}},"line":18},"4":{"name":"(anonymous_4)","decl":{"start":{"line":28,"column":23},"end":{"line":28,"column":24}},"loc":{"start":{"line":28,"column":29},"end":{"line":33,"column":3}},"line":28},"5":{"name":"(anonymous_5)","decl":{"start":{"line":29,"column":30},"end":{"line":29,"column":31}},"loc":{"start":{"line":29,"column":36},"end":{"line":32,"column":5}},"line":29}},"branchMap":{"0":{"loc":{"start":{"line":13,"column":23},"end":{"line":13,"column":55}},"type":"cond-expr","locations":[{"start":{"line":13,"column":40},"end":{"line":13,"column":50}},{"start":{"line":13,"column":53},"end":{"line":13,"column":55}}],"line":13},"1":{"loc":{"start":{"line":18,"column":25},"end":{"line":18,"column":37}},"type":"default-arg","locations":[{"start":{"line":18,"column":35},"end":{"line":18,"column":37}}],"line":18},"2":{"loc":{"start":{"line":20,"column":2},"end":{"line":26,"column":3}},"type":"if","locations":[{"start":{"line":20,"column":2},"end":{"line":26,"column":3}},{"start":{"line":20,"column":2},"end":{"line":26,"column":3}}],"line":20}},"s":{"0":11,"1":11,"2":11,"3":0,"4":0,"5":11,"6":0,"7":0,"8":0,"9":11,"10":11,"11":0,"12":0,"13":0,"14":0,"15":11,"16":0,"17":0,"18":0,"19":11},"f":{"0":0,"1":0,"2":0,"3":11,"4":0,"5":0},"b":{"0":[0,0],"1":[0],"2":[0,11]},"_coverageSchema":"43e27e138ebf9cfc5966b082cf9a028302ed4184","hash":"de465682306a4fd740a172185c9029a5b58c9dc9"}
,"/Users/antonella/alchemy/career-track/ripe-banana/lib/middleware/api-404.js": {"path":"/Users/antonella/alchemy/career-track/ripe-banana/lib/middleware/api-404.js","statementMap":{"0":{"start":{"line":1,"column":0},"end":{"line":5,"column":2}},"1":{"start":{"line":2,"column":2},"end":{"line":4,"column":5}}},"fnMap":{"0":{"name":"(anonymous_0)","decl":{"start":{"line":1,"column":17},"end":{"line":1,"column":18}},"loc":{"start":{"line":1,"column":31},"end":{"line":5,"column":1}},"line":1}},"branchMap":{},"s":{"0":6,"1":1},"f":{"0":1},"b":{},"_coverageSchema":"43e27e138ebf9cfc5966b082cf9a028302ed4184","hash":"78b6b236f1824a30d8e96d12a8a5b3bfc7c7e32b"}
,"/Users/antonella/alchemy/career-track/ripe-banana/lib/middleware/check-connection.js": {"path":"/Users/antonella/alchemy/career-track/ripe-banana/lib/middleware/check-connection.js","statementMap":{"0":{"start":{"line":1,"column":19},"end":{"line":1,"column":49}},"1":{"start":{"line":2,"column":14},"end":{"line":2,"column":53}},"2":{"start":{"line":4,"column":0},"end":{"line":12,"column":2}},"3":{"start":{"line":5,"column":2},"end":{"line":11,"column":14}},"4":{"start":{"line":6,"column":4},"end":{"line":9,"column":7}},"5":{"start":{"line":11,"column":7},"end":{"line":11,"column":14}}},"fnMap":{"0":{"name":"(anonymous_0)","decl":{"start":{"line":4,"column":17},"end":{"line":4,"column":18}},"loc":{"start":{"line":4,"column":37},"end":{"line":12,"column":1}},"line":4}},"branchMap":{"0":{"loc":{"start":{"line":5,"column":2},"end":{"line":11,"column":14}},"type":"if","locations":[{"start":{"line":5,"column":2},"end":{"line":11,"column":14}},{"start":{"line":5,"column":2},"end":{"line":11,"column":14}}],"line":5}},"s":{"0":6,"1":6,"2":6,"3":58,"4":0,"5":58},"f":{"0":58},"b":{"0":[0,58]},"_coverageSchema":"43e27e138ebf9cfc5966b082cf9a028302ed4184","hash":"3b55c543ba7ff19956555fb2ab826ddb23023ce3"}
,"/Users/antonella/alchemy/career-track/ripe-banana/lib/middleware/error-handler.js": {"path":"/Users/antonella/alchemy/career-track/ripe-banana/lib/middleware/error-handler.js","statementMap":{"0":{"start":{"line":4,"column":0},"end":{"line":31,"column":2}},"1":{"start":{"line":5,"column":19},"end":{"line":5,"column":22}},"2":{"start":{"line":6,"column":14},"end":{"line":6,"column":37}},"3":{"start":{"line":9,"column":2},"end":{"line":25,"column":3}},"4":{"start":{"line":10,"column":4},"end":{"line":10,"column":21}},"5":{"start":{"line":11,"column":4},"end":{"line":11,"column":24}},"6":{"start":{"line":14,"column":7},"end":{"line":25,"column":3}},"7":{"start":{"line":18,"column":4},"end":{"line":18,"column":32}},"8":{"start":{"line":19,"column":4},"end":{"line":19,"column":22}},"9":{"start":{"line":24,"column":4},"end":{"line":24,"column":41}},"10":{"start":{"line":28,"column":2},"end":{"line":28,"column":42}},"11":{"start":{"line":30,"column":2},"end":{"line":30,"column":41}}},"fnMap":{"0":{"name":"(anonymous_0)","decl":{"start":{"line":4,"column":17},"end":{"line":4,"column":18}},"loc":{"start":{"line":4,"column":42},"end":{"line":31,"column":1}},"line":4}},"branchMap":{"0":{"loc":{"start":{"line":9,"column":2},"end":{"line":25,"column":3}},"type":"if","locations":[{"start":{"line":9,"column":2},"end":{"line":25,"column":3}},{"start":{"line":9,"column":2},"end":{"line":25,"column":3}}],"line":9},"1":{"loc":{"start":{"line":9,"column":5},"end":{"line":9,"column":63}},"type":"binary-expr","locations":[{"start":{"line":9,"column":5},"end":{"line":9,"column":35}},{"start":{"line":9,"column":39},"end":{"line":9,"column":63}}],"line":9},"2":{"loc":{"start":{"line":14,"column":7},"end":{"line":25,"column":3}},"type":"if","locations":[{"start":{"line":14,"column":7},"end":{"line":25,"column":3}},{"start":{"line":14,"column":7},"end":{"line":25,"column":3}}],"line":14}},"s":{"0":6,"1":0,"2":0,"3":0,"4":0,"5":0,"6":0,"7":0,"8":0,"9":0,"10":0,"11":0},"f":{"0":0},"b":{"0":[0,0],"1":[0,0],"2":[0,0]},"_coverageSchema":"43e27e138ebf9cfc5966b082cf9a028302ed4184","hash":"9ecda15eaab701de45feaab475d070d253ecefe2"}
,"/Users/antonella/alchemy/career-track/ripe-banana/lib/models/actor.js": {"path":"/Users/antonella/alchemy/career-track/ripe-banana/lib/models/actor.js","statementMap":{"0":{"start":{"line":1,"column":17},"end":{"line":1,"column":36}},"1":{"start":{"line":3,"column":19},"end":{"line":3,"column":27}},"2":{"start":{"line":5,"column":15},"end":{"line":11,"column":2}},"3":{"start":{"line":13,"column":0},"end":{"line":13,"column":49}}},"fnMap":{},"branchMap":{},"s":{"0":7,"1":7,"2":7,"3":7},"f":{},"b":{},"_coverageSchema":"43e27e138ebf9cfc5966b082cf9a028302ed4184","hash":"5e6d18fefb7192188665c9c2588dfa28f58a6ca3"}
,"/Users/antonella/alchemy/career-track/ripe-banana/lib/models/film.js": {"path":"/Users/antonella/alchemy/career-track/ripe-banana/lib/models/film.js","statementMap":{"0":{"start":{"line":1,"column":17},"end":{"line":1,"column":36}},"1":{"start":{"line":3,"column":19},"end":{"line":3,"column":27}},"2":{"start":{"line":5,"column":15},"end":{"line":29,"column":2}},"3":{"start":{"line":31,"column":0},"end":{"line":31,"column":48}}},"fnMap":{},"branchMap":{},"s":{"0":7,"1":7,"2":7,"3":7},"f":{},"b":{},"_coverageSchema":"43e27e138ebf9cfc5966b082cf9a028302ed4184","hash":"3af8b2442cc472cc45f1184b5a52f62ca76ced39"}
,"/Users/antonella/alchemy/career-track/ripe-banana/lib/models/register-plugins.js": {"path":"/Users/antonella/alchemy/career-track/ripe-banana/lib/models/register-plugins.js","statementMap":{"0":{"start":{"line":1,"column":17},"end":{"line":1,"column":36}},"1":{"start":{"line":3,"column":22},"end":{"line":6,"column":1}},"2":{"start":{"line":9,"column":19},"end":{"line":13,"column":1}},"3":{"start":{"line":10,"column":2},"end":{"line":12,"column":5}},"4":{"start":{"line":11,"column":4},"end":{"line":11,"column":61}},"5":{"start":{"line":15,"column":18},"end":{"line":19,"column":1}},"6":{"start":{"line":16,"column":2},"end":{"line":18,"column":5}},"7":{"start":{"line":17,"column":4},"end":{"line":17,"column":63}},"8":{"start":{"line":21,"column":15},"end":{"line":27,"column":1}},"9":{"start":{"line":22,"column":2},"end":{"line":26,"column":5}},"10":{"start":{"line":23,"column":4},"end":{"line":25,"column":32}},"11":{"start":{"line":25,"column":21},"end":{"line":25,"column":30}},"12":{"start":{"line":29,"column":0},"end":{"line":29,"column":28}},"13":{"start":{"line":30,"column":0},"end":{"line":30,"column":27}},"14":{"start":{"line":31,"column":0},"end":{"line":31,"column":24}}},"fnMap":{"0":{"name":"(anonymous_0)","decl":{"start":{"line":9,"column":19},"end":{"line":9,"column":20}},"loc":{"start":{"line":9,"column":29},"end":{"line":13,"column":1}},"line":9},"1":{"name":"(anonymous_1)","decl":{"start":{"line":10,"column":30},"end":{"line":10,"column":31}},"loc":{"start":{"line":10,"column":51},"end":{"line":12,"column":3}},"line":10},"2":{"name":"(anonymous_2)","decl":{"start":{"line":15,"column":18},"end":{"line":15,"column":19}},"loc":{"start":{"line":15,"column":28},"end":{"line":19,"column":1}},"line":15},"3":{"name":"(anonymous_3)","decl":{"start":{"line":16,"column":29},"end":{"line":16,"column":30}},"loc":{"start":{"line":16,"column":53},"end":{"line":18,"column":3}},"line":16},"4":{"name":"(anonymous_4)","decl":{"start":{"line":21,"column":15},"end":{"line":21,"column":16}},"loc":{"start":{"line":21,"column":25},"end":{"line":27,"column":1}},"line":21},"5":{"name":"(anonymous_5)","decl":{"start":{"line":22,"column":26},"end":{"line":22,"column":27}},"loc":{"start":{"line":22,"column":42},"end":{"line":26,"column":3}},"line":22},"6":{"name":"(anonymous_6)","decl":{"start":{"line":25,"column":12},"end":{"line":25,"column":13}},"loc":{"start":{"line":25,"column":21},"end":{"line":25,"column":30}},"line":25}},"branchMap":{},"s":{"0":6,"1":6,"2":6,"3":36,"4":0,"5":6,"6":36,"7":0,"8":6,"9":36,"10":0,"11":0,"12":6,"13":6,"14":6},"f":{"0":36,"1":0,"2":36,"3":0,"4":36,"5":0,"6":0},"b":{},"_coverageSchema":"43e27e138ebf9cfc5966b082cf9a028302ed4184","hash":"0450584413de9532abe31538e8bb789b722c1639"}
,"/Users/antonella/alchemy/career-track/ripe-banana/lib/models/review.js": {"path":"/Users/antonella/alchemy/career-track/ripe-banana/lib/models/review.js","statementMap":{"0":{"start":{"line":1,"column":17},"end":{"line":1,"column":36}},"1":{"start":{"line":3,"column":19},"end":{"line":3,"column":27}},"2":{"start":{"line":5,"column":15},"end":{"line":27,"column":2}},"3":{"start":{"line":29,"column":0},"end":{"line":29,"column":50}}},"fnMap":{},"branchMap":{},"s":{"0":7,"1":7,"2":7,"3":7},"f":{},"b":{},"_coverageSchema":"43e27e138ebf9cfc5966b082cf9a028302ed4184","hash":"775f51a70d4b8065db0b4c9326bae40aaab846b0"}
,"/Users/antonella/alchemy/career-track/ripe-banana/lib/models/reviewer.js": {"path":"/Users/antonella/alchemy/career-track/ripe-banana/lib/models/reviewer.js","statementMap":{"0":{"start":{"line":1,"column":17},"end":{"line":1,"column":36}},"1":{"start":{"line":3,"column":19},"end":{"line":3,"column":27}},"2":{"start":{"line":5,"column":15},"end":{"line":14,"column":2}},"3":{"start":{"line":16,"column":0},"end":{"line":16,"column":52}}},"fnMap":{},"branchMap":{},"s":{"0":7,"1":7,"2":7,"3":7},"f":{},"b":{},"_coverageSchema":"43e27e138ebf9cfc5966b082cf9a028302ed4184","hash":"8b0ebd8839857371fb4790be5ee0e3e095f8a6a6"}
,"/Users/antonella/alchemy/career-track/ripe-banana/lib/models/studio.js": {"path":"/Users/antonella/alchemy/career-track/ripe-banana/lib/models/studio.js","statementMap":{"0":{"start":{"line":1,"column":17},"end":{"line":1,"column":36}},"1":{"start":{"line":3,"column":19},"end":{"line":3,"column":27}},"2":{"start":{"line":5,"column":15},"end":{"line":15,"column":2}},"3":{"start":{"line":17,"column":0},"end":{"line":17,"column":50}}},"fnMap":{},"branchMap":{},"s":{"0":7,"1":7,"2":7,"3":7},"f":{},"b":{},"_coverageSchema":"43e27e138ebf9cfc5966b082cf9a028302ed4184","hash":"6153408b222e2d2c749b0419cb382332bbb8d468"}
,"/Users/antonella/alchemy/career-track/ripe-banana/lib/routes/actors.js": {"path":"/Users/antonella/alchemy/career-track/ripe-banana/lib/routes/actors.js","statementMap":{"0":{"start":{"line":2,"column":15},"end":{"line":2,"column":42}},"1":{"start":{"line":3,"column":14},"end":{"line":3,"column":40}},"2":{"start":{"line":5,"column":0},"end":{"line":28,"column":5}},"3":{"start":{"line":7,"column":4},"end":{"line":9,"column":19}},"4":{"start":{"line":8,"column":21},"end":{"line":8,"column":36}},"5":{"start":{"line":13,"column":4},"end":{"line":15,"column":19}},"6":{"start":{"line":14,"column":21},"end":{"line":14,"column":36}},"7":{"start":{"line":19,"column":4},"end":{"line":21,"column":19}},"8":{"start":{"line":20,"column":21},"end":{"line":20,"column":36}},"9":{"start":{"line":25,"column":4},"end":{"line":27,"column":19}},"10":{"start":{"line":26,"column":23},"end":{"line":26,"column":40}},"11":{"start":{"line":30,"column":0},"end":{"line":30,"column":24}}},"fnMap":{"0":{"name":"(anonymous_0)","decl":{"start":{"line":6,"column":13},"end":{"line":6,"column":14}},"loc":{"start":{"line":6,"column":33},"end":{"line":10,"column":3}},"line":6},"1":{"name":"(anonymous_1)","decl":{"start":{"line":8,"column":12},"end":{"line":8,"column":13}},"loc":{"start":{"line":8,"column":21},"end":{"line":8,"column":36}},"line":8},"2":{"name":"(anonymous_2)","decl":{"start":{"line":12,"column":12},"end":{"line":12,"column":13}},"loc":{"start":{"line":12,"column":32},"end":{"line":16,"column":3}},"line":12},"3":{"name":"(anonymous_3)","decl":{"start":{"line":14,"column":12},"end":{"line":14,"column":13}},"loc":{"start":{"line":14,"column":21},"end":{"line":14,"column":36}},"line":14},"4":{"name":"(anonymous_4)","decl":{"start":{"line":18,"column":15},"end":{"line":18,"column":16}},"loc":{"start":{"line":18,"column":35},"end":{"line":22,"column":3}},"line":18},"5":{"name":"(anonymous_5)","decl":{"start":{"line":20,"column":12},"end":{"line":20,"column":13}},"loc":{"start":{"line":20,"column":21},"end":{"line":20,"column":36}},"line":20},"6":{"name":"(anonymous_6)","decl":{"start":{"line":24,"column":18},"end":{"line":24,"column":19}},"loc":{"start":{"line":24,"column":38},"end":{"line":28,"column":3}},"line":24},"7":{"name":"(anonymous_7)","decl":{"start":{"line":26,"column":12},"end":{"line":26,"column":13}},"loc":{"start":{"line":26,"column":23},"end":{"line":26,"column":40}},"line":26}},"branchMap":{},"s":{"0":6,"1":6,"2":6,"3":13,"4":13,"5":1,"6":1,"7":1,"8":1,"9":1,"10":1,"11":6},"f":{"0":13,"1":13,"2":1,"3":1,"4":1,"5":1,"6":1,"7":1},"b":{},"_coverageSchema":"43e27e138ebf9cfc5966b082cf9a028302ed4184","hash":"bc963cb0c343f7787f1f3c0d5e1547082651e12e"}
,"/Users/antonella/alchemy/career-track/ripe-banana/lib/routes/films.js": {"path":"/Users/antonella/alchemy/career-track/ripe-banana/lib/routes/films.js","statementMap":{"0":{"start":{"line":2,"column":15},"end":{"line":2,"column":42}},"1":{"start":{"line":3,"column":13},"end":{"line":3,"column":38}},"2":{"start":{"line":5,"column":0},"end":{"line":25,"column":5}},"3":{"start":{"line":7,"column":4},"end":{"line":9,"column":19}},"4":{"start":{"line":8,"column":20},"end":{"line":8,"column":34}},"5":{"start":{"line":12,"column":4},"end":{"line":14,"column":19}},"6":{"start":{"line":13,"column":20},"end":{"line":13,"column":34}},"7":{"start":{"line":17,"column":4},"end":{"line":19,"column":19}},"8":{"start":{"line":18,"column":20},"end":{"line":18,"column":34}},"9":{"start":{"line":22,"column":4},"end":{"line":24,"column":19}},"10":{"start":{"line":23,"column":23},"end":{"line":23,"column":40}},"11":{"start":{"line":27,"column":0},"end":{"line":27,"column":24}}},"fnMap":{"0":{"name":"(anonymous_0)","decl":{"start":{"line":6,"column":13},"end":{"line":6,"column":14}},"loc":{"start":{"line":6,"column":33},"end":{"line":10,"column":3}},"line":6},"1":{"name":"(anonymous_1)","decl":{"start":{"line":8,"column":12},"end":{"line":8,"column":13}},"loc":{"start":{"line":8,"column":20},"end":{"line":8,"column":34}},"line":8},"2":{"name":"(anonymous_2)","decl":{"start":{"line":11,"column":12},"end":{"line":11,"column":13}},"loc":{"start":{"line":11,"column":32},"end":{"line":15,"column":3}},"line":11},"3":{"name":"(anonymous_3)","decl":{"start":{"line":13,"column":12},"end":{"line":13,"column":13}},"loc":{"start":{"line":13,"column":20},"end":{"line":13,"column":34}},"line":13},"4":{"name":"(anonymous_4)","decl":{"start":{"line":16,"column":15},"end":{"line":16,"column":16}},"loc":{"start":{"line":16,"column":35},"end":{"line":20,"column":3}},"line":16},"5":{"name":"(anonymous_5)","decl":{"start":{"line":18,"column":12},"end":{"line":18,"column":13}},"loc":{"start":{"line":18,"column":20},"end":{"line":18,"column":34}},"line":18},"6":{"name":"(anonymous_6)","decl":{"start":{"line":21,"column":18},"end":{"line":21,"column":19}},"loc":{"start":{"line":21,"column":38},"end":{"line":25,"column":3}},"line":21},"7":{"name":"(anonymous_7)","decl":{"start":{"line":23,"column":12},"end":{"line":23,"column":13}},"loc":{"start":{"line":23,"column":23},"end":{"line":23,"column":40}},"line":23}},"branchMap":{},"s":{"0":6,"1":6,"2":6,"3":7,"4":7,"5":2,"6":2,"7":1,"8":1,"9":1,"10":1,"11":6},"f":{"0":7,"1":7,"2":2,"3":2,"4":1,"5":1,"6":1,"7":1},"b":{},"_coverageSchema":"43e27e138ebf9cfc5966b082cf9a028302ed4184","hash":"05e057df6b7592cde6676d4257f7a69327ff2b49"}
,"/Users/antonella/alchemy/career-track/ripe-banana/lib/routes/reviewers.js": {"path":"/Users/antonella/alchemy/career-track/ripe-banana/lib/routes/reviewers.js","statementMap":{"0":{"start":{"line":2,"column":15},"end":{"line":2,"column":42}},"1":{"start":{"line":3,"column":17},"end":{"line":3,"column":46}},"2":{"start":{"line":5,"column":0},"end":{"line":25,"column":5}},"3":{"start":{"line":7,"column":4},"end":{"line":9,"column":19}},"4":{"start":{"line":8,"column":24},"end":{"line":8,"column":42}},"5":{"start":{"line":12,"column":4},"end":{"line":14,"column":19}},"6":{"start":{"line":13,"column":24},"end":{"line":13,"column":42}},"7":{"start":{"line":17,"column":4},"end":{"line":19,"column":19}},"8":{"start":{"line":18,"column":24},"end":{"line":18,"column":42}},"9":{"start":{"line":22,"column":4},"end":{"line":24,"column":19}},"10":{"start":{"line":23,"column":24},"end":{"line":23,"column":42}},"11":{"start":{"line":27,"column":0},"end":{"line":27,"column":24}}},"fnMap":{"0":{"name":"(anonymous_0)","decl":{"start":{"line":6,"column":13},"end":{"line":6,"column":14}},"loc":{"start":{"line":6,"column":33},"end":{"line":10,"column":3}},"line":6},"1":{"name":"(anonymous_1)","decl":{"start":{"line":8,"column":12},"end":{"line":8,"column":13}},"loc":{"start":{"line":8,"column":24},"end":{"line":8,"column":42}},"line":8},"2":{"name":"(anonymous_2)","decl":{"start":{"line":11,"column":12},"end":{"line":11,"column":13}},"loc":{"start":{"line":11,"column":32},"end":{"line":15,"column":3}},"line":11},"3":{"name":"(anonymous_3)","decl":{"start":{"line":13,"column":12},"end":{"line":13,"column":13}},"loc":{"start":{"line":13,"column":24},"end":{"line":13,"column":42}},"line":13},"4":{"name":"(anonymous_4)","decl":{"start":{"line":16,"column":15},"end":{"line":16,"column":16}},"loc":{"start":{"line":16,"column":35},"end":{"line":20,"column":3}},"line":16},"5":{"name":"(anonymous_5)","decl":{"start":{"line":18,"column":12},"end":{"line":18,"column":13}},"loc":{"start":{"line":18,"column":24},"end":{"line":18,"column":42}},"line":18},"6":{"name":"(anonymous_6)","decl":{"start":{"line":21,"column":18},"end":{"line":21,"column":19}},"loc":{"start":{"line":21,"column":38},"end":{"line":25,"column":3}},"line":21},"7":{"name":"(anonymous_7)","decl":{"start":{"line":23,"column":12},"end":{"line":23,"column":13}},"loc":{"start":{"line":23,"column":24},"end":{"line":23,"column":42}},"line":23}},"branchMap":{},"s":{"0":6,"1":6,"2":6,"3":7,"4":7,"5":2,"6":2,"7":1,"8":1,"9":1,"10":1,"11":6},"f":{"0":7,"1":7,"2":2,"3":2,"4":1,"5":1,"6":1,"7":1},"b":{},"_coverageSchema":"43e27e138ebf9cfc5966b082cf9a028302ed4184","hash":"394a38e29e49a5c2607d5e1c55e217c887687207"}
,"/Users/antonella/alchemy/career-track/ripe-banana/lib/routes/reviews.js": {"path":"/Users/antonella/alchemy/career-track/ripe-banana/lib/routes/reviews.js","statementMap":{"0":{"start":{"line":2,"column":15},"end":{"line":2,"column":42}},"1":{"start":{"line":3,"column":15},"end":{"line":3,"column":42}},"2":{"start":{"line":5,"column":0},"end":{"line":10,"column":5}},"3":{"start":{"line":7,"column":4},"end":{"line":9,"column":19}},"4":{"start":{"line":8,"column":22},"end":{"line":8,"column":38}},"5":{"start":{"line":12,"column":0},"end":{"line":12,"column":24}}},"fnMap":{"0":{"name":"(anonymous_0)","decl":{"start":{"line":6,"column":13},"end":{"line":6,"column":14}},"loc":{"start":{"line":6,"column":33},"end":{"line":10,"column":3}},"line":6},"1":{"name":"(anonymous_1)","decl":{"start":{"line":8,"column":12},"end":{"line":8,"column":13}},"loc":{"start":{"line":8,"column":22},"end":{"line":8,"column":38}},"line":8}},"branchMap":{},"s":{"0":6,"1":6,"2":6,"3":0,"4":0,"5":6},"f":{"0":0,"1":0},"b":{},"_coverageSchema":"43e27e138ebf9cfc5966b082cf9a028302ed4184","hash":"e9995196a2e41e3afca790598b623d1910175893"}
,"/Users/antonella/alchemy/career-track/ripe-banana/lib/routes/studios.js": {"path":"/Users/antonella/alchemy/career-track/ripe-banana/lib/routes/studios.js","statementMap":{"0":{"start":{"line":2,"column":15},"end":{"line":2,"column":42}},"1":{"start":{"line":3,"column":15},"end":{"line":3,"column":42}},"2":{"start":{"line":5,"column":0},"end":{"line":28,"column":5}},"3":{"start":{"line":7,"column":4},"end":{"line":9,"column":19}},"4":{"start":{"line":8,"column":22},"end":{"line":8,"column":38}},"5":{"start":{"line":13,"column":4},"end":{"line":15,"column":19}},"6":{"start":{"line":14,"column":22},"end":{"line":14,"column":38}},"7":{"start":{"line":19,"column":4},"end":{"line":21,"column":19}},"8":{"start":{"line":20,"column":22},"end":{"line":20,"column":38}},"9":{"start":{"line":25,"column":4},"end":{"line":27,"column":19}},"10":{"start":{"line":26,"column":23},"end":{"line":26,"column":40}},"11":{"start":{"line":30,"column":0},"end":{"line":30,"column":24}}},"fnMap":{"0":{"name":"(anonymous_0)","decl":{"start":{"line":6,"column":13},"end":{"line":6,"column":14}},"loc":{"start":{"line":6,"column":33},"end":{"line":10,"column":3}},"line":6},"1":{"name":"(anonymous_1)","decl":{"start":{"line":8,"column":12},"end":{"line":8,"column":13}},"loc":{"start":{"line":8,"column":22},"end":{"line":8,"column":38}},"line":8},"2":{"name":"(anonymous_2)","decl":{"start":{"line":12,"column":12},"end":{"line":12,"column":13}},"loc":{"start":{"line":12,"column":32},"end":{"line":16,"column":3}},"line":12},"3":{"name":"(anonymous_3)","decl":{"start":{"line":14,"column":12},"end":{"line":14,"column":13}},"loc":{"start":{"line":14,"column":22},"end":{"line":14,"column":38}},"line":14},"4":{"name":"(anonymous_4)","decl":{"start":{"line":18,"column":15},"end":{"line":18,"column":16}},"loc":{"start":{"line":18,"column":35},"end":{"line":22,"column":3}},"line":18},"5":{"name":"(anonymous_5)","decl":{"start":{"line":20,"column":12},"end":{"line":20,"column":13}},"loc":{"start":{"line":20,"column":22},"end":{"line":20,"column":38}},"line":20},"6":{"name":"(anonymous_6)","decl":{"start":{"line":24,"column":18},"end":{"line":24,"column":19}},"loc":{"start":{"line":24,"column":38},"end":{"line":28,"column":3}},"line":24},"7":{"name":"(anonymous_7)","decl":{"start":{"line":26,"column":12},"end":{"line":26,"column":13}},"loc":{"start":{"line":26,"column":23},"end":{"line":26,"column":40}},"line":26}},"branchMap":{},"s":{"0":6,"1":6,"2":6,"3":13,"4":13,"5":2,"6":2,"7":1,"8":1,"9":1,"10":1,"11":6},"f":{"0":13,"1":13,"2":2,"3":2,"4":1,"5":1,"6":1,"7":1},"b":{},"_coverageSchema":"43e27e138ebf9cfc5966b082cf9a028302ed4184","hash":"c48db33058a6ed2f2bd36eeeef73198c0eb22afe"}
}
