TN:
SF:/Users/antonella/alchemy/career-track/ripe-banana/lib/connect.js
FN:5,(anonymous_0)
FN:6,(anonymous_1)
FN:11,(anonymous_2)
FN:18,(anonymous_3)
FN:28,(anonymous_4)
FN:29,(anonymous_5)
FNF:6
FNH:1
FNDA:0,(anonymous_0)
FNDA:0,(anonymous_1)
FNDA:0,(anonymous_2)
FNDA:4,(anonymous_3)
FNDA:0,(anonymous_4)
FNDA:0,(anonymous_5)
DA:2,4
DA:3,4
DA:5,4
DA:6,0
DA:7,0
DA:11,4
DA:12,0
DA:13,0
DA:15,0
DA:18,4
DA:20,4
DA:21,0
DA:23,0
DA:24,0
DA:25,0
DA:28,4
DA:29,0
DA:30,0
DA:31,0
DA:35,4
LF:20
LH:8
BRDA:13,0,0,0
BRDA:13,0,1,0
BRDA:18,1,0,0
BRDA:20,2,0,0
BRDA:20,2,1,4
BRF:5
BRH:1
end_of_record
TN:
SF:/Users/antonella/alchemy/career-track/ripe-banana/lib/models/studio.js
FNF:0
FNH:0
DA:1,1
DA:3,1
DA:5,1
DA:17,1
LF:4
LH:4
BRF:0
BRH:0
end_of_record
TN:
SF:/Users/antonella/alchemy/career-track/ripe-banana/lib/models/temp-cat.js
FNF:0
FNH:0
DA:1,1
DA:3,1
DA:4,1
DA:6,1
DA:29,1
LF:5
LH:5
BRF:0
BRH:0
end_of_record
TN:
SF:/Users/antonella/alchemy/career-track/ripe-banana/lib/models/temp-location.js
FNF:0
FNH:0
DA:1,1
DA:2,1
DA:3,1
DA:4,1
DA:6,1
DA:27,1
LF:6
LH:6
BRF:0
BRH:0
end_of_record
TN:
SF:/Users/antonella/alchemy/career-track/ripe-banana/lib/models/temp-required-types.js
FNF:0
FNH:0
DA:1,2
DA:6,2
DA:11,2
DA:16,2
LF:4
LH:4
BRF:0
BRH:0
end_of_record
TN:
SF:/Users/antonella/alchemy/career-track/ripe-banana/lib/models/temp-show.js
FNF:0
FNH:0
DA:1,1
DA:2,1
DA:3,1
DA:5,1
DA:27,1
LF:5
LH:5
BRF:0
BRH:0
end_of_record
