TN:
SF:/Users/antonella/alchemy/career-track/ripe-banana/e2e/db.js
FN:4,(anonymous_0)
FN:6,(anonymous_1)
FNF:2
FNH:2
FNDA:37,(anonymous_0)
FNDA:3,(anonymous_1)
DA:1,5
DA:3,5
DA:5,37
DA:7,3
LF:4
LH:4
BRDA:7,0,0,0
BRDA:7,0,1,3
BRF:2
BRH:1
end_of_record
TN:
SF:/Users/antonella/alchemy/career-track/ripe-banana/e2e/request.js
FNF:0
FNH:0
DA:1,6
DA:2,6
DA:4,6
LF:3
LH:3
BRF:0
BRH:0
end_of_record
TN:
SF:/Users/antonella/alchemy/career-track/ripe-banana/lib/app.js
FN:15,(anonymous_0)
FNF:1
FNH:1
FNDA:1,(anonymous_0)
DA:1,6
DA:2,6
DA:4,6
DA:7,6
DA:8,6
DA:9,6
DA:10,6
DA:11,6
DA:12,6
DA:15,6
DA:18,6
DA:19,6
DA:20,6
DA:21,6
DA:22,6
DA:23,6
DA:24,6
DA:25,6
DA:26,6
DA:27,6
DA:30,6
DA:31,6
DA:35,6
DA:36,6
DA:38,6
LF:25
LH:25
BRF:0
BRH:0
end_of_record
TN:
SF:/Users/antonella/alchemy/career-track/ripe-banana/lib/connect.js
FN:5,(anonymous_0)
FN:6,(anonymous_1)
FN:11,(anonymous_2)
FN:18,(anonymous_3)
FN:28,(anonymous_4)
FN:29,(anonymous_5)
FNF:6
FNH:1
FNDA:0,(anonymous_0)
FNDA:0,(anonymous_1)
FNDA:0,(anonymous_2)
FNDA:11,(anonymous_3)
FNDA:0,(anonymous_4)
FNDA:0,(anonymous_5)
DA:2,11
DA:3,11
DA:5,11
DA:6,0
DA:7,0
DA:11,11
DA:12,0
DA:13,0
DA:15,0
DA:18,11
DA:20,11
DA:21,0
DA:23,0
DA:24,0
DA:25,0
DA:28,11
DA:29,0
DA:30,0
DA:31,0
DA:35,11
LF:20
LH:8
BRDA:13,0,0,0
BRDA:13,0,1,0
BRDA:18,1,0,0
BRDA:20,2,0,0
BRDA:20,2,1,11
BRF:5
BRH:1
end_of_record
TN:
SF:/Users/antonella/alchemy/career-track/ripe-banana/lib/middleware/api-404.js
FN:1,(anonymous_0)
FNF:1
FNH:1
FNDA:1,(anonymous_0)
DA:1,6
DA:2,1
LF:2
LH:2
BRF:0
BRH:0
end_of_record
TN:
SF:/Users/antonella/alchemy/career-track/ripe-banana/lib/middleware/check-connection.js
FN:4,(anonymous_0)
FNF:1
FNH:1
FNDA:90,(anonymous_0)
DA:1,6
DA:2,6
DA:4,6
DA:5,90
DA:6,0
DA:11,90
LF:6
LH:5
BRDA:5,0,0,0
BRDA:5,0,1,90
BRF:2
BRH:1
end_of_record
TN:
SF:/Users/antonella/alchemy/career-track/ripe-banana/lib/middleware/error-handler.js
FN:4,(anonymous_0)
FNF:1
FNH:0
FNDA:0,(anonymous_0)
DA:4,6
DA:5,0
DA:6,0
DA:9,0
DA:10,0
DA:11,0
DA:14,0
DA:18,0
DA:19,0
DA:24,0
DA:28,0
DA:30,0
LF:12
LH:1
BRDA:9,0,0,0
BRDA:9,0,1,0
BRDA:9,1,0,0
BRDA:9,1,1,0
BRDA:14,2,0,0
BRDA:14,2,1,0
BRF:6
BRH:0
end_of_record
TN:
SF:/Users/antonella/alchemy/career-track/ripe-banana/lib/models/actor.js
FNF:0
FNH:0
DA:1,7
DA:3,7
DA:5,7
DA:13,7
LF:4
LH:4
BRF:0
BRH:0
end_of_record
TN:
SF:/Users/antonella/alchemy/career-track/ripe-banana/lib/models/film.js
FNF:0
FNH:0
DA:1,7
DA:3,7
DA:5,7
DA:31,7
LF:4
LH:4
BRF:0
BRH:0
end_of_record
TN:
SF:/Users/antonella/alchemy/career-track/ripe-banana/lib/models/register-plugins.js
FN:9,(anonymous_0)
FN:10,(anonymous_1)
FN:15,(anonymous_2)
FN:16,(anonymous_3)
FN:21,(anonymous_4)
FN:22,(anonymous_5)
FN:25,(anonymous_6)
FNF:7
FNH:3
FNDA:36,(anonymous_0)
FNDA:0,(anonymous_1)
FNDA:36,(anonymous_2)
FNDA:0,(anonymous_3)
FNDA:36,(anonymous_4)
FNDA:0,(anonymous_5)
FNDA:0,(anonymous_6)
DA:1,6
DA:3,6
DA:9,6
DA:10,36
DA:11,0
DA:15,6
DA:16,36
DA:17,0
DA:21,6
DA:22,36
DA:23,0
DA:25,0
DA:29,6
DA:30,6
DA:31,6
LF:15
LH:11
BRF:0
BRH:0
end_of_record
TN:
SF:/Users/antonella/alchemy/career-track/ripe-banana/lib/models/review.js
FNF:0
FNH:0
DA:1,7
DA:3,7
DA:5,7
DA:29,7
LF:4
LH:4
BRF:0
BRH:0
end_of_record
TN:
SF:/Users/antonella/alchemy/career-track/ripe-banana/lib/models/reviewer.js
FNF:0
FNH:0
DA:1,7
DA:3,7
DA:5,7
DA:16,7
LF:4
LH:4
BRF:0
BRH:0
end_of_record
TN:
SF:/Users/antonella/alchemy/career-track/ripe-banana/lib/models/studio.js
FNF:0
FNH:0
DA:1,7
DA:3,7
DA:5,7
DA:17,7
LF:4
LH:4
BRF:0
BRH:0
end_of_record
TN:
SF:/Users/antonella/alchemy/career-track/ripe-banana/lib/routes/actors.js
FN:6,(anonymous_0)
FN:8,(anonymous_1)
FN:12,(anonymous_2)
FN:14,(anonymous_3)
FN:18,(anonymous_4)
FN:20,(anonymous_5)
FN:24,(anonymous_6)
FN:26,(anonymous_7)
FNF:8
FNH:8
FNDA:18,(anonymous_0)
FNDA:18,(anonymous_1)
FNDA:1,(anonymous_2)
FNDA:1,(anonymous_3)
FNDA:1,(anonymous_4)
FNDA:1,(anonymous_5)
FNDA:1,(anonymous_6)
FNDA:1,(anonymous_7)
DA:2,6
DA:3,6
DA:5,6
DA:7,18
DA:8,18
DA:13,1
DA:14,1
DA:19,1
DA:20,1
DA:25,1
DA:26,1
DA:30,6
LF:12
LH:12
BRF:0
BRH:0
end_of_record
TN:
SF:/Users/antonella/alchemy/career-track/ripe-banana/lib/routes/films.js
FN:6,(anonymous_0)
FN:8,(anonymous_1)
FN:11,(anonymous_2)
FN:13,(anonymous_3)
FN:16,(anonymous_4)
FN:18,(anonymous_5)
FN:21,(anonymous_6)
FN:23,(anonymous_7)
FNF:8
FNH:8
FNDA:12,(anonymous_0)
FNDA:12,(anonymous_1)
FNDA:2,(anonymous_2)
FNDA:2,(anonymous_3)
FNDA:1,(anonymous_4)
FNDA:1,(anonymous_5)
FNDA:1,(anonymous_6)
FNDA:1,(anonymous_7)
DA:2,6
DA:3,6
DA:5,6
DA:7,12
DA:8,12
DA:12,2
DA:13,2
DA:17,1
DA:18,1
DA:22,1
DA:23,1
DA:27,6
LF:12
LH:12
BRF:0
BRH:0
end_of_record
TN:
SF:/Users/antonella/alchemy/career-track/ripe-banana/lib/routes/reviewers.js
FN:6,(anonymous_0)
FN:8,(anonymous_1)
FN:11,(anonymous_2)
FN:13,(anonymous_3)
FN:16,(anonymous_4)
FN:18,(anonymous_5)
FN:22,(anonymous_6)
FN:28,(anonymous_7)
FN:32,(anonymous_8)
FN:34,(anonymous_9)
FNF:10
FNH:10
FNDA:13,(anonymous_0)
FNDA:13,(anonymous_1)
FNDA:2,(anonymous_2)
FNDA:2,(anonymous_3)
FNDA:1,(anonymous_4)
FNDA:1,(anonymous_5)
FNDA:1,(anonymous_6)
FNDA:1,(anonymous_7)
FNDA:1,(anonymous_8)
FNDA:1,(anonymous_9)
DA:2,6
DA:3,6
DA:5,6
DA:7,13
DA:8,13
DA:12,2
DA:13,2
DA:17,1
DA:18,1
DA:23,1
DA:28,1
DA:33,1
DA:34,1
DA:38,6
LF:14
LH:14
BRF:0
BRH:0
end_of_record
TN:
SF:/Users/antonella/alchemy/career-track/ripe-banana/lib/routes/reviews.js
FN:6,(anonymous_0)
FN:8,(anonymous_1)
FN:11,(anonymous_2)
FN:13,(anonymous_3)
FN:16,(anonymous_4)
FN:18,(anonymous_5)
FN:21,(anonymous_6)
FN:23,(anonymous_7)
FNF:8
FNH:8
FNDA:6,(anonymous_0)
FNDA:6,(anonymous_1)
FNDA:2,(anonymous_2)
FNDA:2,(anonymous_3)
FNDA:1,(anonymous_4)
FNDA:1,(anonymous_5)
FNDA:1,(anonymous_6)
FNDA:1,(anonymous_7)
DA:2,6
DA:3,6
DA:5,6
DA:7,6
DA:8,6
DA:12,2
DA:13,2
DA:17,1
DA:18,1
DA:22,1
DA:23,1
DA:27,6
LF:12
LH:12
BRF:0
BRH:0
end_of_record
TN:
SF:/Users/antonella/alchemy/career-track/ripe-banana/lib/routes/studios.js
FN:6,(anonymous_0)
FN:8,(anonymous_1)
FN:12,(anonymous_2)
FN:14,(anonymous_3)
FN:18,(anonymous_4)
FN:20,(anonymous_5)
FN:24,(anonymous_6)
FN:26,(anonymous_7)
FNF:8
FNH:8
FNDA:18,(anonymous_0)
FNDA:18,(anonymous_1)
FNDA:2,(anonymous_2)
FNDA:2,(anonymous_3)
FNDA:1,(anonymous_4)
FNDA:1,(anonymous_5)
FNDA:1,(anonymous_6)
FNDA:1,(anonymous_7)
DA:2,6
DA:3,6
DA:5,6
DA:7,18
DA:8,18
DA:13,2
DA:14,2
DA:19,1
DA:20,1
DA:25,1
DA:26,1
DA:30,6
LF:12
LH:12
BRF:0
BRH:0
end_of_record
